/*C12*/SET SCHEMA PUBLIC
drop table if exists alerts CASCADE 
create table alerts (id varchar(255) not null, alert boolean, duration integer not null, host varchar(255), type integer, primary key (id))
INSERT INTO ALERTS VALUES('scsmbstgra',TRUE,5,'12345',0)
INSERT INTO ALERTS VALUES('scsmbstgrb',FALSE,3,NULL,NULL)
INSERT INTO ALERTS VALUES('scsmbstgrc',TRUE,8,NULL,NULL)
COMMIT
DISCONNECT
/*C13*/SET SCHEMA PUBLIC
DISCONNECT
/*C14*/SET SCHEMA PUBLIC
DISCONNECT
/*C15*/SET SCHEMA PUBLIC
DISCONNECT
/*C16*/SET SCHEMA PUBLIC
DISCONNECT
/*C17*/SET SCHEMA PUBLIC
DISCONNECT
/*C18*/SET SCHEMA PUBLIC
DISCONNECT
/*C19*/SET SCHEMA PUBLIC
DISCONNECT
/*C20*/SET SCHEMA PUBLIC
DISCONNECT
/*C21*/SET SCHEMA PUBLIC
DISCONNECT
